<?xml version="1.0" encoding="UTF-8" ?>
<testsuite failures="0" time="0.077" errors="1" skipped="0" tests="1" name="jplurk.test.JPlurkRegressionTest">
  <properties>
    <property name="java.runtime.name" value="Java(TM) SE Runtime Environment"/>
    <property name="sun.boot.library.path" value="C:\Program Files\Java\jre6\bin"/>
    <property name="java.vm.version" value="14.3-b01"/>
    <property name="java.vm.vendor" value="Sun Microsystems Inc."/>
    <property name="java.vendor.url" value="http://java.sun.com/"/>
    <property name="path.separator" value=";"/>
    <property name="java.vm.name" value="Java HotSpot(TM) Client VM"/>
    <property name="file.encoding.pkg" value="sun.io"/>
    <property name="user.country" value="TW"/>
    <property name="sun.java.launcher" value="SUN_STANDARD"/>
    <property name="sun.os.patch.level" value=""/>
    <property name="java.vm.specification.name" value="Java Virtual Machine Specification"/>
    <property name="user.dir" value="C:\workspace\test"/>
    <property name="java.runtime.version" value="1.6.0_17-b04"/>
    <property name="java.awt.graphicsenv" value="sun.awt.Win32GraphicsEnvironment"/>
    <property name="basedir" value="C:\workspace\test"/>
    <property name="java.endorsed.dirs" value="C:\Program Files\Java\jre6\lib\endorsed"/>
    <property name="os.arch" value="x86"/>
    <property name="surefire.real.class.path" value="C:\Users\qrtt1\AppData\Local\Temp\surefirebooter2368073626131058016.jar"/>
    <property name="java.io.tmpdir" value="C:\Users\qrtt1\AppData\Local\Temp\"/>
    <property name="line.separator" value="
"/>
    <property name="java.vm.specification.vendor" value="Sun Microsystems Inc."/>
    <property name="user.variant" value=""/>
    <property name="os.name" value="Windows 7"/>
    <property name="sun.jnu.encoding" value="MS950"/>
    <property name="java.library.path" value="C:\Program Files\Java\jre6\bin;.;C:\Windows\Sun\Java\bin;C:\Windows\system32;C:\Windows;C:\Windows\system32;C:\Windows;C:\Windows\System32\Wbem;C:\Windows\System32\WindowsPowerShell\v1.0\"/>
    <property name="surefire.test.class.path" value="C:\workspace\test\target\test-classes;C:\workspace\test\target\classes;C:\Users\qrtt1\.m2\repository\junit\junit\3.8.1\junit-3.8.1.jar;C:\workspace\jplurk\target\classes;C:\Users\qrtt1\.m2\repository\org\apache\httpcomponents\httpclient\4.0\httpclient-4.0.jar;C:\Users\qrtt1\.m2\repository\org\apache\httpcomponents\httpcore\4.0.1\httpcore-4.0.1.jar;C:\Users\qrtt1\.m2\repository\commons-logging\commons-logging\1.1.1\commons-logging-1.1.1.jar;C:\Users\qrtt1\.m2\repository\commons-codec\commons-codec\1.3\commons-codec-1.3.jar;C:\Users\qrtt1\.m2\repository\org\apache\httpcomponents\httpmime\4.0\httpmime-4.0.jar;C:\Users\qrtt1\.m2\repository\org\apache\james\apache-mime4j\0.6\apache-mime4j-0.6.jar;C:\Users\qrtt1\.m2\repository\commons-lang\commons-lang\2.4\commons-lang-2.4.jar;C:\Users\qrtt1\.m2\repository\commons-beanutils\commons-beanutils\1.8.1\commons-beanutils-1.8.1.jar;C:\Users\qrtt1\.m2\repository\net\jcip\jcip-annotations\1.0\jcip-annotations-1.0.jar;C:\Users\qrtt1\.m2\repository\org\json\json\20080701\json-20080701.jar;C:\Users\qrtt1\.m2\repository\org\slf4j\slf4j-log4j12\1.5.8\slf4j-log4j12-1.5.8.jar;C:\Users\qrtt1\.m2\repository\org\slf4j\slf4j-api\1.5.8\slf4j-api-1.5.8.jar;C:\Users\qrtt1\.m2\repository\log4j\log4j\1.2.14\log4j-1.2.14.jar;"/>
    <property name="java.specification.name" value="Java Platform API Specification"/>
    <property name="java.class.version" value="50.0"/>
    <property name="sun.management.compiler" value="HotSpot Client Compiler"/>
    <property name="os.version" value="6.1"/>
    <property name="user.home" value="C:\Users\qrtt1"/>
    <property name="user.timezone" value=""/>
    <property name="java.awt.printerjob" value="sun.awt.windows.WPrinterJob"/>
    <property name="java.specification.version" value="1.6"/>
    <property name="file.encoding" value="MS950"/>
    <property name="user.name" value="qrtt1"/>
    <property name="java.class.path" value="C:\workspace\test\target\test-classes;C:\workspace\test\target\classes;C:\Users\qrtt1\.m2\repository\junit\junit\3.8.1\junit-3.8.1.jar;C:\workspace\jplurk\target\classes;C:\Users\qrtt1\.m2\repository\org\apache\httpcomponents\httpclient\4.0\httpclient-4.0.jar;C:\Users\qrtt1\.m2\repository\org\apache\httpcomponents\httpcore\4.0.1\httpcore-4.0.1.jar;C:\Users\qrtt1\.m2\repository\commons-logging\commons-logging\1.1.1\commons-logging-1.1.1.jar;C:\Users\qrtt1\.m2\repository\commons-codec\commons-codec\1.3\commons-codec-1.3.jar;C:\Users\qrtt1\.m2\repository\org\apache\httpcomponents\httpmime\4.0\httpmime-4.0.jar;C:\Users\qrtt1\.m2\repository\org\apache\james\apache-mime4j\0.6\apache-mime4j-0.6.jar;C:\Users\qrtt1\.m2\repository\commons-lang\commons-lang\2.4\commons-lang-2.4.jar;C:\Users\qrtt1\.m2\repository\commons-beanutils\commons-beanutils\1.8.1\commons-beanutils-1.8.1.jar;C:\Users\qrtt1\.m2\repository\net\jcip\jcip-annotations\1.0\jcip-annotations-1.0.jar;C:\Users\qrtt1\.m2\repository\org\json\json\20080701\json-20080701.jar;C:\Users\qrtt1\.m2\repository\org\slf4j\slf4j-log4j12\1.5.8\slf4j-log4j12-1.5.8.jar;C:\Users\qrtt1\.m2\repository\org\slf4j\slf4j-api\1.5.8\slf4j-api-1.5.8.jar;C:\Users\qrtt1\.m2\repository\log4j\log4j\1.2.14\log4j-1.2.14.jar;"/>
    <property name="java.vm.specification.version" value="1.0"/>
    <property name="sun.arch.data.model" value="32"/>
    <property name="java.home" value="C:\Program Files\Java\jre6"/>
    <property name="java.specification.vendor" value="Sun Microsystems Inc."/>
    <property name="user.language" value="zh"/>
    <property name="awt.toolkit" value="sun.awt.windows.WToolkit"/>
    <property name="java.vm.info" value="mixed mode, sharing"/>
    <property name="java.version" value="1.6.0_17"/>
    <property name="java.ext.dirs" value="C:\Program Files\Java\jre6\lib\ext;C:\Windows\Sun\Java\lib\ext"/>
    <property name="sun.boot.class.path" value="C:\Program Files\Java\jre6\lib\resources.jar;C:\Program Files\Java\jre6\lib\rt.jar;C:\Program Files\Java\jre6\lib\sunrsasign.jar;C:\Program Files\Java\jre6\lib\jsse.jar;C:\Program Files\Java\jre6\lib\jce.jar;C:\Program Files\Java\jre6\lib\charsets.jar;C:\Program Files\Java\jre6\classes"/>
    <property name="java.vendor" value="Sun Microsystems Inc."/>
    <property name="localRepository" value="C:\Users\qrtt1\.m2\repository"/>
    <property name="file.separator" value="\"/>
    <property name="java.vendor.url.bug" value="http://java.sun.com/cgi-bin/bugreport.cgi"/>
    <property name="sun.cpu.endian" value="little"/>
    <property name="sun.io.unicode.encoding" value="UnicodeLittle"/>
    <property name="sun.desktop" value="windows"/>
    <property name="sun.cpu.isalist" value="pentium_pro+mmx pentium_pro pentium+mmx pentium i486 i386 i86"/>
  </properties>
  <testcase time="0.003" classname="jplurk.test.JPlurkRegressionTest" name="testJPlurk">
    <error message="Unresolved compilation problem: 
	Qualifier cannot be resolved
" type="java.lang.Error">java.lang.Error: Unresolved compilation problem: 
	Qualifier cannot be resolved

	at jplurk.test.JPlurkRegressionTest.testJPlurk(JPlurkRegressionTest.java:40)
</error>
  </testcase>
</testsuite>