<?xml version="1.0" encoding="UTF-8" ?>
<testsuite errors="0" skipped="0" tests="1" time="0.016" failures="0" name="com.google.jplurk.AppTest">
  <properties>
    <property value="Java(TM) 2 Runtime Environment, Standard Edition" name="java.runtime.name"/>
    <property value="E:\Program Files\Java\jdk1.5.0_14\jre\bin" name="sun.boot.library.path"/>
    <property value="1.5.0_14-b03" name="java.vm.version"/>
    <property value="Sun Microsystems Inc." name="java.vm.vendor"/>
    <property value="http://java.sun.com/" name="java.vendor.url"/>
    <property value=";" name="path.separator"/>
    <property value="Java HotSpot(TM) Client VM" name="java.vm.name"/>
    <property value="sun.io" name="file.encoding.pkg"/>
    <property value="TW" name="user.country"/>
    <property value="SUN_STANDARD" name="sun.java.launcher"/>
    <property value="Service Pack 2" name="sun.os.patch.level"/>
    <property value="Java Virtual Machine Specification" name="java.vm.specification.name"/>
    <property value="D:\projects\jPlurk\com.google.jplurk" name="user.dir"/>
    <property value="1.5.0_14-b03" name="java.runtime.version"/>
    <property value="sun.awt.Win32GraphicsEnvironment" name="java.awt.graphicsenv"/>
    <property value="D:\projects\jPlurk\com.google.jplurk" name="basedir"/>
    <property value="E:\Program Files\Java\jdk1.5.0_14\jre\lib\endorsed" name="java.endorsed.dirs"/>
    <property value="x86" name="os.arch"/>
    <property value="E:\DOCUME~1\Askeing\LOCALS~1\Temp\surefirebooter16453.jar" name="surefire.real.class.path"/>
    <property value="E:\DOCUME~1\Askeing\LOCALS~1\Temp\" name="java.io.tmpdir"/>
    <property value="
" name="line.separator"/>
    <property value="Sun Microsystems Inc." name="java.vm.specification.vendor"/>
    <property value="" name="user.variant"/>
    <property value="Windows XP" name="os.name"/>
    <property value="MS950" name="sun.jnu.encoding"/>
    <property value="E:\Program Files\Java\jdk1.5.0_14\jre\bin;.;E:\WINDOWS\system32;E:\WINDOWS;E:\Program Files\PC Connectivity Solution\;E:\WINDOWS\system32;E:\WINDOWS;E:\WINDOWS\System32\Wbem;D:\Program Files\Common Files\GTK\2.0\bin;E:\Program Files\Microsoft SQL Server\80\Tools\BINN;E:\Program Files\Java\jdk1.5.0_14\bin;E:\Program Files\MySQL\MySQL Server 5.0\bin;E:\MinGW\bin;E:\Qt\4.4.0\bin;E:\Python26;D:\Program Files\TortoiseSVN\bin" name="java.library.path"/>
    <property value="D:\projects\jPlurk\com.google.jplurk\target\test-classes;D:\projects\jPlurk\com.google.jplurk\target\classes;E:\Documents and Settings\Askeing\.m2\repository\org\apache\httpcomponents\httpclient\4.0\httpclient-4.0.jar;E:\Documents and Settings\Askeing\.m2\repository\org\apache\httpcomponents\httpcore\4.0.1\httpcore-4.0.1.jar;E:\Documents and Settings\Askeing\.m2\repository\commons-logging\commons-logging\1.1.1\commons-logging-1.1.1.jar;E:\Documents and Settings\Askeing\.m2\repository\commons-codec\commons-codec\1.3\commons-codec-1.3.jar;E:\Documents and Settings\Askeing\.m2\repository\junit\junit\3.8.1\junit-3.8.1.jar;E:\Documents and Settings\Askeing\.m2\repository\commons-lang\commons-lang\2.4\commons-lang-2.4.jar;E:\Documents and Settings\Askeing\.m2\repository\commons-beanutils\commons-beanutils\1.8.1\commons-beanutils-1.8.1.jar;E:\Documents and Settings\Askeing\.m2\repository\net\jcip\jcip-annotations\1.0\jcip-annotations-1.0.jar;E:\Documents and Settings\Askeing\.m2\repository\org\json\json\20080701\json-20080701.jar;" name="surefire.test.class.path"/>
    <property value="Java Platform API Specification" name="java.specification.name"/>
    <property value="49.0" name="java.class.version"/>
    <property value="HotSpot Client Compiler" name="sun.management.compiler"/>
    <property value="5.1" name="os.version"/>
    <property value="E:\Documents and Settings\Askeing" name="user.home"/>
    <property value="" name="user.timezone"/>
    <property value="sun.awt.windows.WPrinterJob" name="java.awt.printerjob"/>
    <property value="1.5" name="java.specification.version"/>
    <property value="MS950" name="file.encoding"/>
    <property value="Askeing" name="user.name"/>
    <property value="D:\projects\jPlurk\com.google.jplurk\target\test-classes;D:\projects\jPlurk\com.google.jplurk\target\classes;E:\Documents and Settings\Askeing\.m2\repository\org\apache\httpcomponents\httpclient\4.0\httpclient-4.0.jar;E:\Documents and Settings\Askeing\.m2\repository\org\apache\httpcomponents\httpcore\4.0.1\httpcore-4.0.1.jar;E:\Documents and Settings\Askeing\.m2\repository\commons-logging\commons-logging\1.1.1\commons-logging-1.1.1.jar;E:\Documents and Settings\Askeing\.m2\repository\commons-codec\commons-codec\1.3\commons-codec-1.3.jar;E:\Documents and Settings\Askeing\.m2\repository\junit\junit\3.8.1\junit-3.8.1.jar;E:\Documents and Settings\Askeing\.m2\repository\commons-lang\commons-lang\2.4\commons-lang-2.4.jar;E:\Documents and Settings\Askeing\.m2\repository\commons-beanutils\commons-beanutils\1.8.1\commons-beanutils-1.8.1.jar;E:\Documents and Settings\Askeing\.m2\repository\net\jcip\jcip-annotations\1.0\jcip-annotations-1.0.jar;E:\Documents and Settings\Askeing\.m2\repository\org\json\json\20080701\json-20080701.jar;" name="java.class.path"/>
    <property value="1.0" name="java.vm.specification.version"/>
    <property value="32" name="sun.arch.data.model"/>
    <property value="E:\Program Files\Java\jdk1.5.0_14\jre" name="java.home"/>
    <property value="Sun Microsystems Inc." name="java.specification.vendor"/>
    <property value="zh" name="user.language"/>
    <property value="sun.awt.windows.WToolkit" name="awt.toolkit"/>
    <property value="mixed mode, sharing" name="java.vm.info"/>
    <property value="1.5.0_14" name="java.version"/>
    <property value="E:\Program Files\Java\jdk1.5.0_14\jre\lib\ext" name="java.ext.dirs"/>
    <property value="E:\Program Files\Java\jdk1.5.0_14\jre\lib\rt.jar;E:\Program Files\Java\jdk1.5.0_14\jre\lib\i18n.jar;E:\Program Files\Java\jdk1.5.0_14\jre\lib\sunrsasign.jar;E:\Program Files\Java\jdk1.5.0_14\jre\lib\jsse.jar;E:\Program Files\Java\jdk1.5.0_14\jre\lib\jce.jar;E:\Program Files\Java\jdk1.5.0_14\jre\lib\charsets.jar;E:\Program Files\Java\jdk1.5.0_14\jre\classes" name="sun.boot.class.path"/>
    <property value="Sun Microsystems Inc." name="java.vendor"/>
    <property value="E:\Documents and Settings\Askeing\.m2\repository" name="localRepository"/>
    <property value="\" name="file.separator"/>
    <property value="http://java.sun.com/cgi-bin/bugreport.cgi" name="java.vendor.url.bug"/>
    <property value="little" name="sun.cpu.endian"/>
    <property value="UnicodeLittle" name="sun.io.unicode.encoding"/>
    <property value="windows" name="sun.desktop"/>
    <property value="pentium_pro+mmx pentium_pro pentium+mmx pentium i486 i386 i86" name="sun.cpu.isalist"/>
  </properties>
  <testcase classname="com.google.jplurk.AppTest" time="0" name="testApp"/>
</testsuite>